{"/root/swppfall2022-team15/frontend/src/App.tsx": {"path":"/root/swppfall2022-team15/frontend/src/App.tsx","statementMap":{"0":{"start":{"line":6,"column":2},"end":{"line":10,"column":4}}},"fnMap":{"0":{"name":"App","decl":{"start":{"line":5,"column":9},"end":{"line":5,"column":12}},"loc":{"start":{"line":5,"column":15},"end":{"line":11,"column":1}},"line":5}},"branchMap":{},"s":{"0":1},"f":{"0":1},"b":{},"_coverageSchema":"1a1c01bbd47fc00a2c39e90264f33305004495a9","hash":"cc9fc64ecfe018b96370399f02b6b50ea0edd403"}
,"/root/swppfall2022-team15/frontend/src/index.tsx": {"path":"/root/swppfall2022-team15/frontend/src/index.tsx","statementMap":{"0":{"start":{"line":12,"column":13},"end":{"line":14,"column":1}},"1":{"start":{"line":15,"column":0},"end":{"line":23,"column":2}},"2":{"start":{"line":28,"column":0},"end":{"line":28,"column":18}}},"fnMap":{},"branchMap":{},"s":{"0":0,"1":0,"2":0},"f":{},"b":{}}
,"/root/swppfall2022-team15/frontend/src/reportWebVitals.ts": {"path":"/root/swppfall2022-team15/frontend/src/reportWebVitals.ts","statementMap":{"0":{"start":{"line":3,"column":24},"end":{"line":13,"column":1}},"1":{"start":{"line":4,"column":2},"end":{"line":12,"column":3}},"2":{"start":{"line":5,"column":4},"end":{"line":11,"column":7}},"3":{"start":{"line":6,"column":6},"end":{"line":6,"column":26}},"4":{"start":{"line":7,"column":6},"end":{"line":7,"column":26}},"5":{"start":{"line":8,"column":6},"end":{"line":8,"column":26}},"6":{"start":{"line":9,"column":6},"end":{"line":9,"column":26}},"7":{"start":{"line":10,"column":6},"end":{"line":10,"column":27}}},"fnMap":{"0":{"name":"(anonymous_0)","decl":{"start":{"line":3,"column":24},"end":{"line":3,"column":25}},"loc":{"start":{"line":3,"column":57},"end":{"line":13,"column":1}},"line":3},"1":{"name":"(anonymous_1)","decl":{"start":{"line":5,"column":30},"end":{"line":5,"column":31}},"loc":{"start":{"line":5,"column":79},"end":{"line":11,"column":5}},"line":5}},"branchMap":{"0":{"loc":{"start":{"line":4,"column":2},"end":{"line":12,"column":3}},"type":"if","locations":[{"start":{"line":4,"column":2},"end":{"line":12,"column":3}},{"start":{},"end":{}}],"line":4},"1":{"loc":{"start":{"line":4,"column":6},"end":{"line":4,"column":52}},"type":"binary-expr","locations":[{"start":{"line":4,"column":6},"end":{"line":4,"column":17}},{"start":{"line":4,"column":21},"end":{"line":4,"column":52}}],"line":4}},"s":{"0":0,"1":0,"2":0,"3":0,"4":0,"5":0,"6":0,"7":0},"f":{"0":0,"1":0},"b":{"0":[0,0],"1":[0,0]}}
,"/root/swppfall2022-team15/frontend/src/components/Project/project.tsx": {"path":"/root/swppfall2022-team15/frontend/src/components/Project/project.tsx","statementMap":{},"fnMap":{},"branchMap":{},"s":{},"f":{},"b":{}}
,"/root/swppfall2022-team15/frontend/src/containers/ProjectList/ProjectList.tsx": {"path":"/root/swppfall2022-team15/frontend/src/containers/ProjectList/ProjectList.tsx","statementMap":{},"fnMap":{},"branchMap":{},"s":{},"f":{},"b":{}}
,"/root/swppfall2022-team15/frontend/src/containers/Sidebar/NotiSidebar.tsx": {"path":"/root/swppfall2022-team15/frontend/src/containers/Sidebar/NotiSidebar.tsx","statementMap":{"0":{"start":{"line":11,"column":43},"end":{"line":11,"column":58}},"1":{"start":{"line":13,"column":21},"end":{"line":13,"column":48}},"2":{"start":{"line":14,"column":24},"end":{"line":14,"column":63}},"3":{"start":{"line":15,"column":23},"end":{"line":15,"column":54}},"4":{"start":{"line":16,"column":24},"end":{"line":16,"column":57}},"5":{"start":{"line":17,"column":25},"end":{"line":17,"column":60}},"6":{"start":{"line":18,"column":24},"end":{"line":18,"column":57}},"7":{"start":{"line":19,"column":23},"end":{"line":19,"column":106}},"8":{"start":{"line":21,"column":4},"end":{"line":41,"column":5}},"9":{"start":{"line":37,"column":36},"end":{"line":37,"column":53}}},"fnMap":{"0":{"name":"NotiSidebar","decl":{"start":{"line":10,"column":24},"end":{"line":10,"column":35}},"loc":{"start":{"line":10,"column":38},"end":{"line":43,"column":1}},"line":10},"1":{"name":"(anonymous_1)","decl":{"start":{"line":37,"column":30},"end":{"line":37,"column":31}},"loc":{"start":{"line":37,"column":36},"end":{"line":37,"column":53}},"line":37}},"branchMap":{},"s":{"0":7,"1":7,"2":7,"3":7,"4":7,"5":7,"6":7,"7":7,"8":7,"9":1},"f":{"0":7,"1":1},"b":{},"_coverageSchema":"1a1c01bbd47fc00a2c39e90264f33305004495a9","hash":"81848cb8bddc05d85e9fbbaf7e6c52b708b51161"}
,"/root/swppfall2022-team15/frontend/src/store/index.tsx": {"path":"/root/swppfall2022-team15/frontend/src/store/index.tsx","statementMap":{"0":{"start":{"line":3,"column":21},"end":{"line":8,"column":2}}},"fnMap":{},"branchMap":{},"s":{"0":1},"f":{},"b":{},"_coverageSchema":"1a1c01bbd47fc00a2c39e90264f33305004495a9","hash":"491b315d0c2505ca95d637ef6329ea2fe17f278d"}
,"/root/swppfall2022-team15/frontend/src/store/slices/project.tsx": {"path":"/root/swppfall2022-team15/frontend/src/store/slices/project.tsx","statementMap":{},"fnMap":{},"branchMap":{},"s":{},"f":{},"b":{}}
,"/root/swppfall2022-team15/frontend/src/store/slices/user.tsx": {"path":"/root/swppfall2022-team15/frontend/src/store/slices/user.tsx","statementMap":{},"fnMap":{},"branchMap":{},"s":{},"f":{},"b":{}}
,"/root/swppfall2022-team15/frontend/src/test-utils/mocks.tsx": {"path":"/root/swppfall2022-team15/frontend/src/test-utils/mocks.tsx","statementMap":{"0":{"start":{"line":15,"column":28},"end":{"line":22,"column":1}},"1":{"start":{"line":16,"column":4},"end":{"line":21,"column":7}},"2":{"start":{"line":33,"column":8},"end":{"line":37,"column":9}},"3":{"start":{"line":40,"column":4},"end":{"line":40,"column":76}}},"fnMap":{"0":{"name":"(anonymous_0)","decl":{"start":{"line":15,"column":28},"end":{"line":15,"column":29}},"loc":{"start":{"line":15,"column":76},"end":{"line":22,"column":1}},"line":15},"1":{"name":"renderWithProviders","decl":{"start":{"line":24,"column":16},"end":{"line":24,"column":35}},"loc":{"start":{"line":31,"column":2},"end":{"line":41,"column":1}},"line":31},"2":{"name":"Wrapper","decl":{"start":{"line":32,"column":13},"end":{"line":32,"column":20}},"loc":{"start":{"line":32,"column":67},"end":{"line":38,"column":5}},"line":32}},"branchMap":{"0":{"loc":{"start":{"line":26,"column":4},"end":{"line":30,"column":33}},"type":"default-arg","locations":[{"start":{"line":30,"column":31},"end":{"line":30,"column":33}}],"line":26},"1":{"loc":{"start":{"line":28,"column":8},"end":{"line":28,"column":44}},"type":"default-arg","locations":[{"start":{"line":28,"column":16},"end":{"line":28,"column":44}}],"line":28}},"s":{"0":1,"1":2,"2":2,"3":2},"f":{"0":2,"1":2,"2":2},"b":{"0":[2],"1":[2]},"_coverageSchema":"1a1c01bbd47fc00a2c39e90264f33305004495a9","hash":"5336171cd5486029ea3438fc254803b12db4acb4"}
}
