TN:
SF:src/App.tsx
FN:5,App
FNF:1
FNH:1
FNDA:1,App
DA:6,1
LF:1
LH:1
BRF:0
BRH:0
end_of_record
TN:
SF:src/index.tsx
FNF:0
FNH:0
DA:12,0
DA:15,0
DA:28,0
LF:3
LH:0
BRF:0
BRH:0
end_of_record
TN:
SF:src/reportWebVitals.ts
FN:3,(anonymous_0)
FN:5,(anonymous_1)
FNF:2
FNH:0
FNDA:0,(anonymous_0)
FNDA:0,(anonymous_1)
DA:3,0
DA:4,0
DA:5,0
DA:6,0
DA:7,0
DA:8,0
DA:9,0
DA:10,0
LF:8
LH:0
BRDA:4,0,0,0
BRDA:4,0,1,0
BRDA:4,1,0,0
BRDA:4,1,1,0
BRF:4
BRH:0
end_of_record
TN:
SF:src/components/Project/project.tsx
FNF:0
FNH:0
LF:0
LH:0
BRF:0
BRH:0
end_of_record
TN:
SF:src/containers/ProjectList/ProjectList.tsx
FNF:0
FNH:0
LF:0
LH:0
BRF:0
BRH:0
end_of_record
TN:
SF:src/containers/Sidebar/NotiSidebar.tsx
FN:10,NotiSidebar
FN:37,(anonymous_1)
FNF:2
FNH:2
FNDA:7,NotiSidebar
FNDA:1,(anonymous_1)
DA:11,7
DA:13,7
DA:14,7
DA:15,7
DA:16,7
DA:17,7
DA:18,7
DA:19,7
DA:21,7
DA:37,1
LF:10
LH:10
BRF:0
BRH:0
end_of_record
TN:
SF:src/store/index.tsx
FNF:0
FNH:0
DA:3,1
LF:1
LH:1
BRF:0
BRH:0
end_of_record
TN:
SF:src/store/slices/project.tsx
FNF:0
FNH:0
LF:0
LH:0
BRF:0
BRH:0
end_of_record
TN:
SF:src/store/slices/user.tsx
FNF:0
FNH:0
LF:0
LH:0
BRF:0
BRH:0
end_of_record
TN:
SF:src/test-utils/mocks.tsx
FN:15,(anonymous_0)
FN:24,renderWithProviders
FN:32,Wrapper
FNF:3
FNH:3
FNDA:2,(anonymous_0)
FNDA:2,renderWithProviders
FNDA:2,Wrapper
DA:15,1
DA:16,2
DA:33,2
DA:40,2
LF:4
LH:4
BRDA:26,0,0,2
BRDA:28,1,0,2
BRF:2
BRH:2
end_of_record
